2015-02-17T15:02:30+00:00 DEBUG (7): Observer Place Order After Quote ID:15
2015-02-17T15:07:03+00:00 DEBUG (7): Observer Place Order After Quote ID:16
2015-02-17T15:09:47+00:00 DEBUG (7): Observer Place Order After Quote ID:17
2015-02-17T15:17:56+00:00 DEBUG (7): Observer Place Order After Quote ID:18
2015-02-17T15:21:32+00:00 DEBUG (7): Observer Place Order After Quote ID:19
2015-02-17T16:03:53+00:00 DEBUG (7): Observer Place Order After Quote ID:20
2015-02-17T16:12:55+00:00 DEBUG (7): Observer Place Order After Quote ID:21
2015-02-17T16:19:12+00:00 DEBUG (7): Observer Place Order After Quote ID:22
2015-02-17T16:23:12+00:00 DEBUG (7): Observer Place Order After Quote ID:23
2015-02-17T16:29:07+00:00 DEBUG (7): Observer Place Order After Quote ID:24
2015-02-17T16:41:28+00:00 DEBUG (7): Observer Place Order After Quote ID:25
2015-02-17T16:43:23+00:00 DEBUG (7): Observer Place Order After Quote ID:26
2015-02-17T16:46:53+00:00 DEBUG (7): Observer Place Order After Quote ID:27
2015-02-17T16:49:09+00:00 DEBUG (7): Observer Place Order After Quote ID:28
2015-02-17T16:50:42+00:00 DEBUG (7): Observer Place Order After Quote ID:29
2015-02-17T16:56:14+00:00 DEBUG (7): Observer Place Order After Quote ID:30
2015-02-17T16:58:02+00:00 DEBUG (7): Observer Place Order After Quote ID:31
2015-02-17T17:02:49+00:00 DEBUG (7): Observer Place Order After Quote ID:32
2015-02-17T17:04:43+00:00 DEBUG (7): Observer Place Order After Quote ID:33
2015-02-17T17:13:17+00:00 DEBUG (7): Observer Place Order After Quote ID:34
2015-02-18T05:38:39+00:00 DEBUG (7): Observer Place Order After Quote ID:7
2015-02-18T06:33:43+00:00 DEBUG (7): 35xx<pre>Warning: fopen(temp/temp.pdf): failed to open stream: No such file or directory  in C:\wamp\www\magento-1.8.1.0\mg_do1test\app\code\local\Po\File\controllers\IndexController.php on line 40

#0 [internal function]: mageCoreErrorHandler(2, 'fopen(temp/temp...', 'C:\wamp\www\mag...', 40, Array)
#1 C:\wamp\www\magento-1.8.1.0\mg_do1test\app\code\local\Po\File\controllers\IndexController.php(40): fopen('temp/temp.pdf', 'w+')
#2 C:\wamp\www\magento-1.8.1.0\mg_do1test\app\code\core\Mage\Core\Controller\Varien\Action.php(418): Po_File_IndexController->postAction()
#3 C:\wamp\www\magento-1.8.1.0\mg_do1test\app\code\core\Mage\Core\Controller\Varien\Router\Standard.php(250): Mage_Core_Controller_Varien_Action->dispatch('post')
#4 C:\wamp\www\magento-1.8.1.0\mg_do1test\app\code\core\Mage\Core\Controller\Varien\Front.php(172): Mage_Core_Controller_Varien_Router_Standard->match(Object(Mage_Core_Controller_Request_Http))
#5 C:\wamp\www\magento-1.8.1.0\mg_do1test\app\code\core\Mage\Core\Model\App.php(354): Mage_Core_Controller_Varien_Front->dispatch()
#6 C:\wamp\www\magento-1.8.1.0\mg_do1test\app\Mage.php(684): Mage_Core_Model_App->run(Array)
#7 C:\wamp\www\magento-1.8.1.0\mg_do1test\index.php(87): Mage::run('', 'store')
#8 {main}</pre>
2015-02-18T06:33:43+00:00 DEBUG (7): SELECT `quote_file`.* FROM `quote_file` WHERE (quote_id = '35' and `type` = 'payment_file' )
2015-02-18T06:34:02+00:00 DEBUG (7): 35xx<pre>Warning: fopen(temp/temp.pdf): failed to open stream: No such file or directory  in C:\wamp\www\magento-1.8.1.0\mg_do1test\app\code\local\Po\File\controllers\IndexController.php on line 40

#0 [internal function]: mageCoreErrorHandler(2, 'fopen(temp/temp...', 'C:\wamp\www\mag...', 40, Array)
#1 C:\wamp\www\magento-1.8.1.0\mg_do1test\app\code\local\Po\File\controllers\IndexController.php(40): fopen('temp/temp.pdf', 'w+')
#2 C:\wamp\www\magento-1.8.1.0\mg_do1test\app\code\core\Mage\Core\Controller\Varien\Action.php(418): Po_File_IndexController->postAction()
#3 C:\wamp\www\magento-1.8.1.0\mg_do1test\app\code\core\Mage\Core\Controller\Varien\Router\Standard.php(250): Mage_Core_Controller_Varien_Action->dispatch('post')
#4 C:\wamp\www\magento-1.8.1.0\mg_do1test\app\code\core\Mage\Core\Controller\Varien\Front.php(172): Mage_Core_Controller_Varien_Router_Standard->match(Object(Mage_Core_Controller_Request_Http))
#5 C:\wamp\www\magento-1.8.1.0\mg_do1test\app\code\core\Mage\Core\Model\App.php(354): Mage_Core_Controller_Varien_Front->dispatch()
#6 C:\wamp\www\magento-1.8.1.0\mg_do1test\app\Mage.php(684): Mage_Core_Model_App->run(Array)
#7 C:\wamp\www\magento-1.8.1.0\mg_do1test\index.php(87): Mage::run('', 'store')
#8 {main}</pre>
2015-02-18T06:34:02+00:00 DEBUG (7): SELECT `quote_file`.* FROM `quote_file` WHERE (quote_id = '35' and `type` = 'payment_file' )
2015-02-18T06:34:24+00:00 DEBUG (7): Observer Place Order After Quote ID:35
2015-02-18T06:34:24+00:00 DEBUG (7): SELECT `order_file`.* FROM `order_file` WHERE (order_id = '51' and `type` = 'payment_file' )
2015-02-18T06:34:25+00:00 DEBUG (7): 35xx<pre>Warning: fopen(temp/temp.pdf): failed to open stream: No such file or directory  in C:\wamp\www\magento-1.8.1.0\mg_do1test\app\code\local\Po\File\controllers\IndexController.php on line 40

#0 [internal function]: mageCoreErrorHandler(2, 'fopen(temp/temp...', 'C:\wamp\www\mag...', 40, Array)
#1 C:\wamp\www\magento-1.8.1.0\mg_do1test\app\code\local\Po\File\controllers\IndexController.php(40): fopen('temp/temp.pdf', 'w+')
#2 C:\wamp\www\magento-1.8.1.0\mg_do1test\app\code\core\Mage\Core\Controller\Varien\Action.php(418): Po_File_IndexController->postAction()
#3 C:\wamp\www\magento-1.8.1.0\mg_do1test\app\code\core\Mage\Core\Controller\Varien\Router\Standard.php(250): Mage_Core_Controller_Varien_Action->dispatch('post')
#4 C:\wamp\www\magento-1.8.1.0\mg_do1test\app\code\core\Mage\Core\Controller\Varien\Front.php(172): Mage_Core_Controller_Varien_Router_Standard->match(Object(Mage_Core_Controller_Request_Http))
#5 C:\wamp\www\magento-1.8.1.0\mg_do1test\app\code\core\Mage\Core\Model\App.php(354): Mage_Core_Controller_Varien_Front->dispatch()
#6 C:\wamp\www\magento-1.8.1.0\mg_do1test\app\Mage.php(684): Mage_Core_Model_App->run(Array)
#7 C:\wamp\www\magento-1.8.1.0\mg_do1test\index.php(87): Mage::run('', 'store')
#8 {main}</pre>
2015-02-18T06:34:25+00:00 DEBUG (7): SELECT `quote_file`.* FROM `quote_file` WHERE (quote_id = '35' and `type` = 'payment_file' )
2015-02-18T07:08:58+00:00 DEBUG (7): Array
(
    [file] => Array
        (
            [name] => Drupal-Training-Plan - Training-I.PDF
            [type] => application/octet-stream
            [tmp_name] => C:\wamp\tmp\php2106.tmp
            [error] => 0
            [size] => 235964
        )

)

2015-02-18T07:09:07+00:00 DEBUG (7): 36xx/d/r/drupal-training-plan_-_training-i.pdf
2015-02-18T07:09:07+00:00 DEBUG (7): SELECT `quote_file`.* FROM `quote_file` WHERE (quote_id = '36' and `type` = 'payment_file' )
2015-02-18T07:09:24+00:00 DEBUG (7): 36xx/d/r/drupal-training-plan_-_training-i.pdf
2015-02-18T07:09:24+00:00 DEBUG (7): SELECT `quote_file`.* FROM `quote_file` WHERE (quote_id = '36' and `type` = 'payment_file' )
2015-02-18T07:10:22+00:00 DEBUG (7): 36xx/d/r/drupal-training-plan_-_training-i.pdf
2015-02-18T07:10:22+00:00 DEBUG (7): SELECT `quote_file`.* FROM `quote_file` WHERE (quote_id = '36' and `type` = 'payment_file' )
2015-02-18T07:10:30+00:00 DEBUG (7): 36xx/d/r/drupal-training-plan_-_training-i.pdf
2015-02-18T07:10:30+00:00 DEBUG (7): SELECT `quote_file`.* FROM `quote_file` WHERE (quote_id = '36' and `type` = 'payment_file' )
2015-02-18T07:11:04+00:00 DEBUG (7): 36xx/d/r/drupal-training-plan_-_training-i.pdf
2015-02-18T07:11:04+00:00 DEBUG (7): SELECT `quote_file`.* FROM `quote_file` WHERE (quote_id = '36' and `type` = 'payment_file' )
2015-02-18T07:11:14+00:00 DEBUG (7): 36xx/d/r/drupal-training-plan_-_training-i.pdf
2015-02-18T07:11:14+00:00 DEBUG (7): SELECT `quote_file`.* FROM `quote_file` WHERE (quote_id = '36' and `type` = 'payment_file' )
2015-02-18T07:11:53+00:00 DEBUG (7): 36xx/d/r/drupal-training-plan_-_training-i.pdf
2015-02-18T07:11:53+00:00 DEBUG (7): SELECT `quote_file`.* FROM `quote_file` WHERE (quote_id = '36' and `type` = 'payment_file' )
2015-02-18T07:12:01+00:00 DEBUG (7): 36xx/d/r/drupal-training-plan_-_training-i.pdf
2015-02-18T07:12:01+00:00 DEBUG (7): SELECT `quote_file`.* FROM `quote_file` WHERE (quote_id = '36' and `type` = 'payment_file' )
2015-02-18T07:14:53+00:00 DEBUG (7): 36xx/d/r/drupal-training-plan_-_training-i.pdf
2015-02-18T07:14:53+00:00 DEBUG (7): SELECT `quote_file`.* FROM `quote_file` WHERE (quote_id = '36' and `type` = 'payment_file' )
2015-02-18T07:15:01+00:00 DEBUG (7): 36xx/d/r/drupal-training-plan_-_training-i.pdf
2015-02-18T07:15:01+00:00 DEBUG (7): SELECT `quote_file`.* FROM `quote_file` WHERE (quote_id = '36' and `type` = 'payment_file' )
2015-02-18T07:15:23+00:00 DEBUG (7): 36xx/d/r/drupal-training-plan_-_training-i.pdf
2015-02-18T07:15:23+00:00 DEBUG (7): SELECT `quote_file`.* FROM `quote_file` WHERE (quote_id = '36' and `type` = 'payment_file' )
2015-02-18T07:15:31+00:00 DEBUG (7): 36xx/d/r/drupal-training-plan_-_training-i.pdf
2015-02-18T07:15:31+00:00 DEBUG (7): SELECT `quote_file`.* FROM `quote_file` WHERE (quote_id = '36' and `type` = 'payment_file' )
2015-02-18T07:16:42+00:00 DEBUG (7): 36xx/d/r/drupal-training-plan_-_training-i.pdf
2015-02-18T07:16:42+00:00 DEBUG (7): SELECT `quote_file`.* FROM `quote_file` WHERE (quote_id = '36' and `type` = 'payment_file' )
2015-02-18T07:16:49+00:00 DEBUG (7): 36xx/d/r/drupal-training-plan_-_training-i.pdf
2015-02-18T07:16:49+00:00 DEBUG (7): SELECT `quote_file`.* FROM `quote_file` WHERE (quote_id = '36' and `type` = 'payment_file' )
2015-02-18T07:17:29+00:00 DEBUG (7): 36xx/d/r/drupal-training-plan_-_training-i.pdf
2015-02-18T07:17:29+00:00 DEBUG (7): SELECT `quote_file`.* FROM `quote_file` WHERE (quote_id = '36' and `type` = 'payment_file' )
2015-02-18T07:17:46+00:00 DEBUG (7): 36xx/d/r/drupal-training-plan_-_training-i.pdf
2015-02-18T07:17:46+00:00 DEBUG (7): SELECT `quote_file`.* FROM `quote_file` WHERE (quote_id = '36' and `type` = 'payment_file' )
2015-02-18T07:19:05+00:00 DEBUG (7): 36xx/d/r/drupal-training-plan_-_training-i.pdf
2015-02-18T07:19:05+00:00 DEBUG (7): SELECT `quote_file`.* FROM `quote_file` WHERE (quote_id = '36' and `type` = 'payment_file' )
2015-02-18T07:19:13+00:00 DEBUG (7): 36xx/d/r/drupal-training-plan_-_training-i.pdf
2015-02-18T07:19:13+00:00 DEBUG (7): SELECT `quote_file`.* FROM `quote_file` WHERE (quote_id = '36' and `type` = 'payment_file' )
2015-02-18T07:22:13+00:00 DEBUG (7): 36xx/d/r/drupal-training-plan_-_training-i.pdf
2015-02-18T07:22:13+00:00 DEBUG (7): SELECT `quote_file`.* FROM `quote_file` WHERE (quote_id = '36' and `type` = 'payment_file' )
2015-02-18T07:22:21+00:00 DEBUG (7): 36xx/d/r/drupal-training-plan_-_training-i.pdf
2015-02-18T07:22:21+00:00 DEBUG (7): SELECT `quote_file`.* FROM `quote_file` WHERE (quote_id = '36' and `type` = 'payment_file' )
2015-02-18T07:22:28+00:00 DEBUG (7): 36xx/d/r/drupal-training-plan_-_training-i.pdf
2015-02-18T07:22:28+00:00 DEBUG (7): SELECT `quote_file`.* FROM `quote_file` WHERE (quote_id = '36' and `type` = 'payment_file' )
2015-02-18T07:23:10+00:00 DEBUG (7): 36xx/d/r/drupal-training-plan_-_training-i.pdf
2015-02-18T07:23:10+00:00 DEBUG (7): SELECT `quote_file`.* FROM `quote_file` WHERE (quote_id = '36' and `type` = 'payment_file' )
2015-02-18T07:23:17+00:00 DEBUG (7): 36xx/d/r/drupal-training-plan_-_training-i.pdf
2015-02-18T07:23:17+00:00 DEBUG (7): SELECT `quote_file`.* FROM `quote_file` WHERE (quote_id = '36' and `type` = 'payment_file' )
2015-02-18T07:24:12+00:00 DEBUG (7): 36xx/d/r/drupal-training-plan_-_training-i.pdf
2015-02-18T07:24:12+00:00 DEBUG (7): SELECT `quote_file`.* FROM `quote_file` WHERE (quote_id = '36' and `type` = 'payment_file' )
2015-02-18T07:24:22+00:00 DEBUG (7): 36xx/d/r/drupal-training-plan_-_training-i.pdf
2015-02-18T07:24:22+00:00 DEBUG (7): SELECT `quote_file`.* FROM `quote_file` WHERE (quote_id = '36' and `type` = 'payment_file' )
2015-02-18T07:25:06+00:00 DEBUG (7): 36xx/d/r/drupal-training-plan_-_training-i.pdf
2015-02-18T07:25:06+00:00 DEBUG (7): SELECT `quote_file`.* FROM `quote_file` WHERE (quote_id = '36' and `type` = 'payment_file' )
2015-02-18T07:25:14+00:00 DEBUG (7): 36xx/d/r/drupal-training-plan_-_training-i.pdf
2015-02-18T07:25:14+00:00 DEBUG (7): SELECT `quote_file`.* FROM `quote_file` WHERE (quote_id = '36' and `type` = 'payment_file' )
2015-02-18T07:28:35+00:00 DEBUG (7): 36xx/d/r/drupal-training-plan_-_training-i.pdf
2015-02-18T07:28:35+00:00 DEBUG (7): SELECT `quote_file`.* FROM `quote_file` WHERE (quote_id = '36' and `type` = 'payment_file' )
2015-02-18T07:28:43+00:00 DEBUG (7): 36xx/d/r/drupal-training-plan_-_training-i.pdf
2015-02-18T07:28:43+00:00 DEBUG (7): SELECT `quote_file`.* FROM `quote_file` WHERE (quote_id = '36' and `type` = 'payment_file' )
2015-02-18T07:32:26+00:00 DEBUG (7): 36xx/d/r/drupal-training-plan_-_training-i.pdf
2015-02-18T07:32:26+00:00 DEBUG (7): SELECT `quote_file`.* FROM `quote_file` WHERE (quote_id = '36' and `type` = 'payment_file' )
2015-02-18T07:32:36+00:00 DEBUG (7): 36xx/d/r/drupal-training-plan_-_training-i.pdf
2015-02-18T07:32:36+00:00 DEBUG (7): SELECT `quote_file`.* FROM `quote_file` WHERE (quote_id = '36' and `type` = 'payment_file' )
2015-02-18T07:32:49+00:00 DEBUG (7): Observer Place Order After Quote ID:36
2015-02-18T07:32:49+00:00 DEBUG (7): SELECT `order_file`.* FROM `order_file` WHERE (order_id = '67' and `type` = 'payment_file' )
2015-02-18T07:32:50+00:00 DEBUG (7): 36xx/d/r/drupal-training-plan_-_training-i.pdf
2015-02-18T07:32:50+00:00 DEBUG (7): SELECT `quote_file`.* FROM `quote_file` WHERE (quote_id = '36' and `type` = 'payment_file' )
2015-02-18T07:38:25+00:00 DEBUG (7): Array
(
    [file] => Array
        (
            [name] => Drupal-Training-Plan - Training-I.PDF
            [type] => application/octet-stream
            [tmp_name] => C:\wamp\tmp\php147A.tmp
            [error] => 0
            [size] => 235964
        )

)

2015-02-18T07:38:31+00:00 DEBUG (7): 37xx/d/r/drupal-training-plan_-_training-i_1.pdf
2015-02-18T07:38:31+00:00 DEBUG (7): SELECT `quote_file`.* FROM `quote_file` WHERE (quote_id = '37' and `type` = 'payment_file' )
2015-02-18T07:38:40+00:00 DEBUG (7): 37xx/d/r/drupal-training-plan_-_training-i_1.pdf
2015-02-18T07:38:40+00:00 DEBUG (7): SELECT `quote_file`.* FROM `quote_file` WHERE (quote_id = '37' and `type` = 'payment_file' )
2015-02-18T07:53:33+00:00 DEBUG (7): Array
(
    [file] => Array
        (
            [name] => Drupal-Training-Plan - Training-I.PDF
            [type] => application/octet-stream
            [tmp_name] => C:\wamp\tmp\phpEE55.tmp
            [error] => 0
            [size] => 235964
        )

)

2015-02-18T07:53:40+00:00 DEBUG (7): 37xx/d/r/drupal-training-plan_-_training-i_2.pdf
2015-02-18T07:53:40+00:00 DEBUG (7): SELECT `quote_file`.* FROM `quote_file` WHERE (quote_id = '37' and `type` = 'payment_file' )
2015-02-18T07:53:49+00:00 DEBUG (7): 37xx/d/r/drupal-training-plan_-_training-i_2.pdf
2015-02-18T07:53:49+00:00 DEBUG (7): SELECT `quote_file`.* FROM `quote_file` WHERE (quote_id = '37' and `type` = 'payment_file' )
2015-02-18T07:53:50+00:00 DEBUG (7): Observer Place Order After Quote ID:37
2015-02-18T07:53:50+00:00 DEBUG (7): SELECT `order_file`.* FROM `order_file` WHERE (order_id = '69' and `type` = 'payment_file' )
2015-02-18T07:53:50+00:00 DEBUG (7): 37xx/d/r/drupal-training-plan_-_training-i_2.pdf
2015-02-18T07:53:50+00:00 DEBUG (7): SELECT `quote_file`.* FROM `quote_file` WHERE (quote_id = '37' and `type` = 'payment_file' )
2015-02-18T07:55:55+00:00 DEBUG (7): Array
(
    [file] => Array
        (
            [name] => Drupal-Training-Plan - Training-I.PDF
            [type] => application/octet-stream
            [tmp_name] => C:\wamp\tmp\php1A36.tmp
            [error] => 0
            [size] => 235964
        )

)

2015-02-18T07:56:00+00:00 DEBUG (7): 38xx/d/r/drupal-training-plan_-_training-i_3.pdf
2015-02-18T07:56:00+00:00 DEBUG (7): SELECT `quote_file`.* FROM `quote_file` WHERE (quote_id = '38' and `type` = 'payment_file' )
2015-02-18T07:56:08+00:00 DEBUG (7): 38xx/d/r/drupal-training-plan_-_training-i_3.pdf
2015-02-18T07:56:08+00:00 DEBUG (7): SELECT `quote_file`.* FROM `quote_file` WHERE (quote_id = '38' and `type` = 'payment_file' )
2015-02-18T07:56:08+00:00 DEBUG (7): Observer Place Order After Quote ID:38
2015-02-18T07:56:08+00:00 DEBUG (7): SELECT `order_file`.* FROM `order_file` WHERE (order_id = '70' and `type` = 'payment_file' )
2015-02-18T07:56:10+00:00 DEBUG (7): 38xx/d/r/drupal-training-plan_-_training-i_3.pdf
2015-02-18T07:56:10+00:00 DEBUG (7): SELECT `quote_file`.* FROM `quote_file` WHERE (quote_id = '38' and `type` = 'payment_file' )
2015-02-18T07:58:47+00:00 DEBUG (7): Array
(
    [file] => Array
        (
            [name] => Drupal-Training-Plan - Training-I.PDF
            [type] => application/octet-stream
            [tmp_name] => C:\wamp\tmp\phpBA6C.tmp
            [error] => 0
            [size] => 235964
        )

)

2015-02-18T07:58:53+00:00 DEBUG (7): 39xx/d/r/drupal-training-plan_-_training-i_4.pdf
2015-02-18T07:58:53+00:00 DEBUG (7): SELECT `quote_file`.* FROM `quote_file` WHERE (quote_id = '39' and `type` = 'payment_file' )
2015-02-18T07:59:03+00:00 DEBUG (7): 39xx/d/r/drupal-training-plan_-_training-i_4.pdf
2015-02-18T07:59:03+00:00 DEBUG (7): SELECT `quote_file`.* FROM `quote_file` WHERE (quote_id = '39' and `type` = 'payment_file' )
2015-02-18T08:00:06+00:00 DEBUG (7): 39xx/d/r/drupal-training-plan_-_training-i_4.pdf
2015-02-18T08:00:06+00:00 DEBUG (7): SELECT `quote_file`.* FROM `quote_file` WHERE (quote_id = '39' and `type` = 'payment_file' )
2015-02-18T08:00:17+00:00 DEBUG (7): 39xx/d/r/drupal-training-plan_-_training-i_4.pdf
2015-02-18T08:00:17+00:00 DEBUG (7): SELECT `quote_file`.* FROM `quote_file` WHERE (quote_id = '39' and `type` = 'payment_file' )
2015-02-18T08:01:00+00:00 DEBUG (7): 39xx/d/r/drupal-training-plan_-_training-i_4.pdf
2015-02-18T08:01:00+00:00 DEBUG (7): SELECT `quote_file`.* FROM `quote_file` WHERE (quote_id = '39' and `type` = 'payment_file' )
2015-02-18T08:01:08+00:00 DEBUG (7): 39xx/d/r/drupal-training-plan_-_training-i_4.pdf
2015-02-18T08:01:08+00:00 DEBUG (7): SELECT `quote_file`.* FROM `quote_file` WHERE (quote_id = '39' and `type` = 'payment_file' )
2015-02-18T08:01:16+00:00 DEBUG (7): Observer Place Order After Quote ID:39
2015-02-18T08:01:16+00:00 DEBUG (7): SELECT `order_file`.* FROM `order_file` WHERE (order_id = '73' and `type` = 'payment_file' )
2015-02-18T08:01:17+00:00 DEBUG (7): 39xx/d/r/drupal-training-plan_-_training-i_4.pdf
2015-02-18T08:01:17+00:00 DEBUG (7): SELECT `quote_file`.* FROM `quote_file` WHERE (quote_id = '39' and `type` = 'payment_file' )
2015-02-18T08:03:38+00:00 DEBUG (7): Array
(
    [file] => Array
        (
            [name] => Drupal-Training-Plan - Training-I.PDF
            [type] => application/octet-stream
            [tmp_name] => C:\wamp\tmp\php2F7D.tmp
            [error] => 0
            [size] => 235964
        )

)

2015-02-18T08:03:45+00:00 DEBUG (7): 40xx/d/r/drupal-training-plan_-_training-i_5.pdf
2015-02-18T08:03:45+00:00 DEBUG (7): SELECT `quote_file`.* FROM `quote_file` WHERE (quote_id = '40' and `type` = 'payment_file' )
2015-02-18T08:03:53+00:00 DEBUG (7): 40xx/d/r/drupal-training-plan_-_training-i_5.pdf
2015-02-18T08:03:54+00:00 DEBUG (7): SELECT `quote_file`.* FROM `quote_file` WHERE (quote_id = '40' and `type` = 'payment_file' )
2015-02-18T08:04:02+00:00 DEBUG (7): Observer Place Order After Quote ID:40
2015-02-18T08:04:02+00:00 DEBUG (7): SELECT `order_file`.* FROM `order_file` WHERE (order_id = '74' and `type` = 'payment_file' )
2015-02-18T08:04:04+00:00 DEBUG (7): 40xx/d/r/drupal-training-plan_-_training-i_5.pdf
2015-02-18T08:04:04+00:00 DEBUG (7): SELECT `quote_file`.* FROM `quote_file` WHERE (quote_id = '40' and `type` = 'payment_file' )
2015-02-18T08:06:48+00:00 DEBUG (7): Array
(
    [file] => Array
        (
            [name] => Drupal-Training-Plan - Training-I.PDF
            [type] => application/octet-stream
            [tmp_name] => C:\wamp\tmp\php147F.tmp
            [error] => 0
            [size] => 235964
        )

)

2015-02-18T08:06:55+00:00 DEBUG (7): 41xx/d/r/drupal-training-plan_-_training-i_6.pdf
2015-02-18T08:06:55+00:00 DEBUG (7): SELECT `quote_file`.* FROM `quote_file` WHERE (quote_id = '41' and `type` = 'payment_file' )
2015-02-18T08:07:03+00:00 DEBUG (7): 41xx/d/r/drupal-training-plan_-_training-i_6.pdf
2015-02-18T08:07:03+00:00 DEBUG (7): SELECT `quote_file`.* FROM `quote_file` WHERE (quote_id = '41' and `type` = 'payment_file' )
2015-02-18T08:10:57+00:00 DEBUG (7): Array
(
    [file] => Array
        (
            [name] => Drupal-Training-Plan - Training-I.PDF
            [type] => application/octet-stream
            [tmp_name] => C:\wamp\tmp\phpDB19.tmp
            [error] => 0
            [size] => 235964
        )

)

2015-02-18T08:11:03+00:00 DEBUG (7): 41xx/d/r/drupal-training-plan_-_training-i_7.pdf
2015-02-18T08:11:03+00:00 DEBUG (7): SELECT `quote_file`.* FROM `quote_file` WHERE (quote_id = '41' and `type` = 'payment_file' )
2015-02-18T08:11:14+00:00 DEBUG (7): 41xx/d/r/drupal-training-plan_-_training-i_7.pdf
2015-02-18T08:11:14+00:00 DEBUG (7): SELECT `quote_file`.* FROM `quote_file` WHERE (quote_id = '41' and `type` = 'payment_file' )
2015-02-18T08:13:48+00:00 DEBUG (7): 41xx/d/r/drupal-training-plan_-_training-i_7.pdf
2015-02-18T08:13:48+00:00 DEBUG (7): SELECT `quote_file`.* FROM `quote_file` WHERE (quote_id = '41' and `type` = 'payment_file' )
2015-02-18T08:14:03+00:00 DEBUG (7): 41xx/d/r/drupal-training-plan_-_training-i_7.pdf
2015-02-18T08:14:03+00:00 DEBUG (7): SELECT `quote_file`.* FROM `quote_file` WHERE (quote_id = '41' and `type` = 'payment_file' )
2015-02-18T08:14:22+00:00 DEBUG (7): 41xx/d/r/drupal-training-plan_-_training-i_7.pdf
2015-02-18T08:14:22+00:00 DEBUG (7): SELECT `quote_file`.* FROM `quote_file` WHERE (quote_id = '41' and `type` = 'payment_file' )
2015-02-18T08:14:33+00:00 DEBUG (7): 41xx/d/r/drupal-training-plan_-_training-i_7.pdf
2015-02-18T08:14:33+00:00 DEBUG (7): SELECT `quote_file`.* FROM `quote_file` WHERE (quote_id = '41' and `type` = 'payment_file' )
2015-02-18T08:14:41+00:00 DEBUG (7): Observer Place Order After Quote ID:41
2015-02-18T08:14:41+00:00 DEBUG (7): SELECT `order_file`.* FROM `order_file` WHERE (order_id = '78' and `type` = 'payment_file' )
2015-02-18T08:14:43+00:00 DEBUG (7): 41xx/d/r/drupal-training-plan_-_training-i_7.pdf
2015-02-18T08:14:43+00:00 DEBUG (7): SELECT `quote_file`.* FROM `quote_file` WHERE (quote_id = '41' and `type` = 'payment_file' )
2015-02-18T09:36:27+00:00 DEBUG (7): Array
(
    [file] => Array
        (
            [name] => Drupal-Training-Plan - Training-I.PDF
            [type] => application/octet-stream
            [tmp_name] => C:\wamp\tmp\php2757.tmp
            [error] => 0
            [size] => 235964
        )

)

2015-02-18T09:36:33+00:00 DEBUG (7): 42xx/d/r/drupal-training-plan_-_training-i_8.pdf
2015-02-18T09:36:33+00:00 DEBUG (7): SELECT `quote_file`.* FROM `quote_file` WHERE (quote_id = '42' and `type` = 'payment_file' )
2015-02-18T09:36:44+00:00 DEBUG (7): 42xx/d/r/drupal-training-plan_-_training-i_8.pdf
2015-02-18T09:36:44+00:00 DEBUG (7): SELECT `quote_file`.* FROM `quote_file` WHERE (quote_id = '42' and `type` = 'payment_file' )
2015-02-18T09:36:59+00:00 DEBUG (7): 42xx/d/r/drupal-training-plan_-_training-i_8.pdf
2015-02-18T09:36:59+00:00 DEBUG (7): SELECT `quote_file`.* FROM `quote_file` WHERE (quote_id = '42' and `type` = 'payment_file' )
2015-02-18T09:38:27+00:00 DEBUG (7): 42xx/d/r/drupal-training-plan_-_training-i_8.pdf
2015-02-18T09:38:27+00:00 DEBUG (7): SELECT `quote_file`.* FROM `quote_file` WHERE (quote_id = '42' and `type` = 'payment_file' )
2015-02-18T09:38:41+00:00 DEBUG (7): 42xx/d/r/drupal-training-plan_-_training-i_8.pdf
2015-02-18T09:38:41+00:00 DEBUG (7): SELECT `quote_file`.* FROM `quote_file` WHERE (quote_id = '42' and `type` = 'payment_file' )
2015-02-18T09:38:57+00:00 DEBUG (7): Observer Place Order After Quote ID:42
2015-02-18T09:38:57+00:00 DEBUG (7): SELECT `order_file`.* FROM `order_file` WHERE (order_id = '81' and `type` = 'payment_file' )
2015-02-18T09:38:59+00:00 DEBUG (7): 42xx/d/r/drupal-training-plan_-_training-i_8.pdf
2015-02-18T09:38:59+00:00 DEBUG (7): SELECT `quote_file`.* FROM `quote_file` WHERE (quote_id = '42' and `type` = 'payment_file' )
2015-02-18T10:08:03+00:00 DEBUG (7): Array
(
    [file] => Array
        (
            [name] => Drupal-Training-Plan - Training-I.PDF
            [type] => application/octet-stream
            [tmp_name] => C:\wamp\tmp\php1465.tmp
            [error] => 0
            [size] => 235964
        )

)

2015-02-18T10:08:08+00:00 DEBUG (7): 43xx/d/r/drupal-training-plan_-_training-i_9.pdf
2015-02-18T10:08:08+00:00 DEBUG (7): SELECT `quote_file`.* FROM `quote_file` WHERE (quote_id = '43' and `type` = 'payment_file' )
2015-02-18T10:08:16+00:00 DEBUG (7): 43xx/d/r/drupal-training-plan_-_training-i_9.pdf
2015-02-18T10:08:16+00:00 DEBUG (7): SELECT `quote_file`.* FROM `quote_file` WHERE (quote_id = '43' and `type` = 'payment_file' )
2015-02-18T10:08:39+00:00 DEBUG (7): 43xx/d/r/drupal-training-plan_-_training-i_9.pdf
2015-02-18T10:08:39+00:00 DEBUG (7): SELECT `quote_file`.* FROM `quote_file` WHERE (quote_id = '43' and `type` = 'payment_file' )
2015-02-18T10:09:35+00:00 DEBUG (7): 43xx/d/r/drupal-training-plan_-_training-i_9.pdf
2015-02-18T10:09:35+00:00 DEBUG (7): SELECT `quote_file`.* FROM `quote_file` WHERE (quote_id = '43' and `type` = 'payment_file' )
2015-02-18T10:18:53+00:00 DEBUG (7): Array
(
    [file] => Array
        (
            [name] => Drupal-Training-Plan - Training-II.PDF
            [type] => application/octet-stream
            [tmp_name] => C:\wamp\tmp\php2B.tmp
            [error] => 0
            [size] => 157898
        )

)

2015-02-18T10:19:00+00:00 DEBUG (7): 43xx/d/r/drupal-training-plan_-_training-ii.pdf
2015-02-18T10:19:00+00:00 DEBUG (7): SELECT `quote_file`.* FROM `quote_file` WHERE (quote_id = '43' and `type` = 'payment_file' )
2015-02-18T10:19:15+00:00 DEBUG (7): 43xx/d/r/drupal-training-plan_-_training-ii.pdf
2015-02-18T10:19:15+00:00 DEBUG (7): SELECT `quote_file`.* FROM `quote_file` WHERE (quote_id = '43' and `type` = 'payment_file' )
2015-02-18T10:20:08+00:00 DEBUG (7): 43xx/d/r/drupal-training-plan_-_training-ii.pdf
2015-02-18T10:20:08+00:00 DEBUG (7): SELECT `quote_file`.* FROM `quote_file` WHERE (quote_id = '43' and `type` = 'payment_file' )
2015-02-18T10:20:48+00:00 DEBUG (7): 43xx/d/r/drupal-training-plan_-_training-ii.pdf
2015-02-18T10:20:48+00:00 DEBUG (7): SELECT `quote_file`.* FROM `quote_file` WHERE (quote_id = '43' and `type` = 'payment_file' )
2015-02-18T10:20:56+00:00 DEBUG (7): 43xx/d/r/drupal-training-plan_-_training-ii.pdf
2015-02-18T10:20:56+00:00 DEBUG (7): SELECT `quote_file`.* FROM `quote_file` WHERE (quote_id = '43' and `type` = 'payment_file' )
2015-02-18T10:21:03+00:00 DEBUG (7): Observer Place Order After Quote ID:43
2015-02-18T10:21:03+00:00 DEBUG (7): SELECT `order_file`.* FROM `order_file` WHERE (order_id = '84' and `type` = 'payment_file' )
2015-02-18T10:21:04+00:00 DEBUG (7): 43xx/d/r/drupal-training-plan_-_training-ii.pdf
2015-02-18T10:21:04+00:00 DEBUG (7): SELECT `quote_file`.* FROM `quote_file` WHERE (quote_id = '43' and `type` = 'payment_file' )
2015-02-18T10:23:46+00:00 DEBUG (7): Array
(
    [file] => Array
        (
            [name] => Drupal-Training-Plan - Training-II.PDF
            [type] => application/octet-stream
            [tmp_name] => C:\wamp\tmp\php77CB.tmp
            [error] => 0
            [size] => 157898
        )

)

2015-02-18T10:23:53+00:00 DEBUG (7): 44xx/d/r/drupal-training-plan_-_training-ii_1.pdf
2015-02-18T10:23:53+00:00 DEBUG (7): SELECT `quote_file`.* FROM `quote_file` WHERE (quote_id = '44' and `type` = 'payment_file' )
2015-02-18T10:23:59+00:00 DEBUG (7): 44xx/d/r/drupal-training-plan_-_training-ii_1.pdf
2015-02-18T10:23:59+00:00 DEBUG (7): SELECT `quote_file`.* FROM `quote_file` WHERE (quote_id = '44' and `type` = 'payment_file' )
2015-02-18T10:24:01+00:00 DEBUG (7): Observer Place Order After Quote ID:44
2015-02-18T10:24:01+00:00 DEBUG (7): SELECT `order_file`.* FROM `order_file` WHERE (order_id = '85' and `type` = 'payment_file' )
2015-02-18T10:24:02+00:00 DEBUG (7): 44xx/d/r/drupal-training-plan_-_training-ii_1.pdf
2015-02-18T10:24:02+00:00 DEBUG (7): SELECT `quote_file`.* FROM `quote_file` WHERE (quote_id = '44' and `type` = 'payment_file' )
2015-02-18T10:50:21+00:00 DEBUG (7): Array
(
    [file] => Array
        (
            [name] => Drupal-Training-Plan - Training-I.PDF
            [type] => application/octet-stream
            [tmp_name] => C:\wamp\tmp\phpD0D5.tmp
            [error] => 0
            [size] => 235964
        )

)

2015-02-18T10:50:29+00:00 DEBUG (7): 45xx/d/r/drupal-training-plan_-_training-i_10.pdf
2015-02-18T10:50:29+00:00 DEBUG (7): SELECT `quote_file`.* FROM `quote_file` WHERE (quote_id = '45' and `type` = 'payment_file' )
2015-02-18T10:50:37+00:00 DEBUG (7): 45xx/d/r/drupal-training-plan_-_training-i_10.pdf
2015-02-18T10:50:37+00:00 DEBUG (7): SELECT `quote_file`.* FROM `quote_file` WHERE (quote_id = '45' and `type` = 'payment_file' )
2015-02-18T10:50:37+00:00 DEBUG (7): Observer Place Order After Quote ID:45
2015-02-18T10:50:37+00:00 DEBUG (7): SELECT `order_file`.* FROM `order_file` WHERE (order_id = '86' and `type` = 'payment_file' )
2015-02-18T10:50:38+00:00 DEBUG (7): 45xx/d/r/drupal-training-plan_-_training-i_10.pdf
2015-02-18T10:50:38+00:00 DEBUG (7): SELECT `quote_file`.* FROM `quote_file` WHERE (quote_id = '45' and `type` = 'payment_file' )
2015-02-18T11:02:57+00:00 DEBUG (7): Array
(
    [file] => Array
        (
            [name] => Drupal-Training-Plan - Training-II.PDF
            [type] => application/octet-stream
            [tmp_name] => C:\wamp\tmp\php56B8.tmp
            [error] => 0
            [size] => 157898
        )

)

2015-02-18T11:03:12+00:00 DEBUG (7): 46xx/d/r/drupal-training-plan_-_training-ii_2.pdf
2015-02-18T11:03:12+00:00 DEBUG (7): SELECT `quote_file`.* FROM `quote_file` WHERE (quote_id = '46' and `type` = 'payment_file' )
2015-02-18T11:03:26+00:00 DEBUG (7): 46xx/d/r/drupal-training-plan_-_training-ii_2.pdf
2015-02-18T11:03:26+00:00 DEBUG (7): SELECT `quote_file`.* FROM `quote_file` WHERE (quote_id = '46' and `type` = 'payment_file' )
2015-02-18T11:03:28+00:00 DEBUG (7): Observer Place Order After Quote ID:46
2015-02-18T11:03:28+00:00 DEBUG (7): SELECT `order_file`.* FROM `order_file` WHERE (order_id = '87' and `type` = 'payment_file' )
2015-02-18T11:03:30+00:00 DEBUG (7): 46xx/d/r/drupal-training-plan_-_training-ii_2.pdf
2015-02-18T11:03:30+00:00 DEBUG (7): SELECT `quote_file`.* FROM `quote_file` WHERE (quote_id = '46' and `type` = 'payment_file' )
2015-02-18T11:08:18+00:00 DEBUG (7): Array
(
    [file] => Array
        (
            [name] => Drupal-Training-Plan - Training-I.PDF
            [type] => application/octet-stream
            [tmp_name] => C:\wamp\tmp\php3D31.tmp
            [error] => 0
            [size] => 235964
        )

)

2015-02-18T11:08:26+00:00 DEBUG (7): 47xx/d/r/drupal-training-plan_-_training-i_11.pdf
2015-02-18T11:08:26+00:00 DEBUG (7): SELECT `quote_file`.* FROM `quote_file` WHERE (quote_id = '47' and `type` = 'payment_file' )
2015-02-18T11:08:32+00:00 DEBUG (7): 47xx/d/r/drupal-training-plan_-_training-i_11.pdf
2015-02-18T11:08:32+00:00 DEBUG (7): SELECT `quote_file`.* FROM `quote_file` WHERE (quote_id = '47' and `type` = 'payment_file' )
2015-02-18T11:08:51+00:00 DEBUG (7): Observer Place Order After Quote ID:47
2015-02-18T11:08:51+00:00 DEBUG (7): SELECT `order_file`.* FROM `order_file` WHERE (order_id = '88' and `type` = 'payment_file' )
2015-02-18T11:08:52+00:00 DEBUG (7): 47xx/d/r/drupal-training-plan_-_training-i_11.pdf
2015-02-18T11:08:52+00:00 DEBUG (7): SELECT `quote_file`.* FROM `quote_file` WHERE (quote_id = '47' and `type` = 'payment_file' )
2015-02-18T11:39:17+00:00 DEBUG (7): Array
(
    [file] => Array
        (
            [name] => Drupal-Training-Plan - Training-I.PDF
            [type] => application/octet-stream
            [tmp_name] => C:\wamp\tmp\php9A01.tmp
            [error] => 0
            [size] => 235964
        )

)

2015-02-18T11:39:23+00:00 DEBUG (7): 48xx/d/r/drupal-training-plan_-_training-i_12.pdf
2015-02-18T11:39:23+00:00 DEBUG (7): SELECT `quote_file`.* FROM `quote_file` WHERE (quote_id = '48' and `type` = 'payment_file' )
2015-02-18T11:39:33+00:00 DEBUG (7): 48xx/d/r/drupal-training-plan_-_training-i_12.pdf
2015-02-18T11:39:33+00:00 DEBUG (7): SELECT `quote_file`.* FROM `quote_file` WHERE (quote_id = '48' and `type` = 'payment_file' )
2015-02-18T11:40:45+00:00 DEBUG (7): 48xx/d/r/drupal-training-plan_-_training-i_12.pdf
2015-02-18T11:40:45+00:00 DEBUG (7): SELECT `quote_file`.* FROM `quote_file` WHERE (quote_id = '48' and `type` = 'payment_file' )
2015-02-18T11:41:09+00:00 DEBUG (7): 48xx/d/r/drupal-training-plan_-_training-i_12.pdf
2015-02-18T11:41:09+00:00 DEBUG (7): SELECT `quote_file`.* FROM `quote_file` WHERE (quote_id = '48' and `type` = 'payment_file' )
2015-02-18T11:53:45+00:00 DEBUG (7): 48xx/d/r/drupal-training-plan_-_training-i_12.pdf
2015-02-18T11:53:45+00:00 DEBUG (7): SELECT `quote_file`.* FROM `quote_file` WHERE (quote_id = '48' and `type` = 'payment_file' )
2015-02-18T11:53:55+00:00 DEBUG (7): 48xx/d/r/drupal-training-plan_-_training-i_12.pdf
2015-02-18T11:53:55+00:00 DEBUG (7): SELECT `quote_file`.* FROM `quote_file` WHERE (quote_id = '48' and `type` = 'payment_file' )
2015-02-18T11:54:55+00:00 DEBUG (7): 48xx/d/r/drupal-training-plan_-_training-i_12.pdf
2015-02-18T11:54:55+00:00 DEBUG (7): SELECT `quote_file`.* FROM `quote_file` WHERE (quote_id = '48' and `type` = 'payment_file' )
2015-02-18T11:55:04+00:00 DEBUG (7): 48xx/d/r/drupal-training-plan_-_training-i_12.pdf
2015-02-18T11:55:05+00:00 DEBUG (7): SELECT `quote_file`.* FROM `quote_file` WHERE (quote_id = '48' and `type` = 'payment_file' )
2015-02-18T11:57:10+00:00 DEBUG (7): 48xx/d/r/drupal-training-plan_-_training-i_12.pdf
2015-02-18T11:57:10+00:00 DEBUG (7): SELECT `quote_file`.* FROM `quote_file` WHERE (quote_id = '48' and `type` = 'payment_file' )
2015-02-18T11:57:22+00:00 DEBUG (7): 48xx/d/r/drupal-training-plan_-_training-i_12.pdf
2015-02-18T11:57:22+00:00 DEBUG (7): SELECT `quote_file`.* FROM `quote_file` WHERE (quote_id = '48' and `type` = 'payment_file' )
2015-02-18T12:00:26+00:00 DEBUG (7): Array
(
    [file] => Array
        (
            [name] => Drupal-Training-Plan - Training-I.PDF
            [type] => application/octet-stream
            [tmp_name] => C:\wamp\tmp\phpFA4C.tmp
            [error] => 0
            [size] => 235964
        )

)

2015-02-18T12:00:33+00:00 DEBUG (7): 48xx/d/r/drupal-training-plan_-_training-i_13.pdf
2015-02-18T12:00:33+00:00 DEBUG (7): SELECT `quote_file`.* FROM `quote_file` WHERE (quote_id = '48' and `type` = 'payment_file' )
2015-02-18T12:00:41+00:00 DEBUG (7): 48xx/d/r/drupal-training-plan_-_training-i_13.pdf
2015-02-18T12:00:41+00:00 DEBUG (7): SELECT `quote_file`.* FROM `quote_file` WHERE (quote_id = '48' and `type` = 'payment_file' )
2015-02-18T12:00:55+00:00 DEBUG (7): Observer Place Order After Quote ID:48
2015-02-18T12:00:55+00:00 DEBUG (7): SELECT `order_file`.* FROM `order_file` WHERE (order_id = '95' and `type` = 'payment_file' )
2015-02-18T12:00:56+00:00 DEBUG (7): 48xx/d/r/drupal-training-plan_-_training-i_13.pdf
2015-02-18T12:00:56+00:00 DEBUG (7): SELECT `quote_file`.* FROM `quote_file` WHERE (quote_id = '48' and `type` = 'payment_file' )
2015-02-18T12:24:19+00:00 DEBUG (7): Array
(
    [file] => Array
        (
            [name] => Drupal-Training-Plan - Training-I.PDF
            [type] => application/octet-stream
            [tmp_name] => C:\wamp\tmp\phpD6D6.tmp
            [error] => 0
            [size] => 235964
        )

)

2015-02-18T12:24:25+00:00 DEBUG (7): 49xx/d/r/drupal-training-plan_-_training-i_14.pdf
2015-02-18T12:24:25+00:00 DEBUG (7): SELECT `quote_file`.* FROM `quote_file` WHERE (quote_id = '49' and `type` = 'payment_file' )
2015-02-18T12:24:33+00:00 DEBUG (7): 49xx/d/r/drupal-training-plan_-_training-i_14.pdf
2015-02-18T12:24:33+00:00 DEBUG (7): SELECT `quote_file`.* FROM `quote_file` WHERE (quote_id = '49' and `type` = 'payment_file' )
2015-02-18T12:24:51+00:00 DEBUG (7): Observer Place Order After Quote ID:49
2015-02-18T12:24:51+00:00 DEBUG (7): SELECT `order_file`.* FROM `order_file` WHERE (order_id = '96' and `type` = 'payment_file' )
2015-02-18T12:24:52+00:00 DEBUG (7): 49xx/d/r/drupal-training-plan_-_training-i_14.pdf
2015-02-18T12:24:52+00:00 DEBUG (7): SELECT `quote_file`.* FROM `quote_file` WHERE (quote_id = '49' and `type` = 'payment_file' )
2015-02-18T12:55:21+00:00 DEBUG (7): Array
(
    [file] => Array
        (
            [name] => Drupal-Training-Plan - Training-I.PDF
            [type] => application/octet-stream
            [tmp_name] => C:\wamp\tmp\php3D47.tmp
            [error] => 0
            [size] => 235964
        )

)

2015-02-18T12:55:31+00:00 DEBUG (7): 50xx/d/r/drupal-training-plan_-_training-i_15.pdf
2015-02-18T12:55:31+00:00 DEBUG (7): SELECT `quote_file`.* FROM `quote_file` WHERE (quote_id = '50' and `type` = 'payment_file' )
2015-02-18T12:55:41+00:00 DEBUG (7): 50xx/d/r/drupal-training-plan_-_training-i_15.pdf
2015-02-18T12:55:41+00:00 DEBUG (7): SELECT `quote_file`.* FROM `quote_file` WHERE (quote_id = '50' and `type` = 'payment_file' )
2015-02-18T12:55:54+00:00 DEBUG (7): 50xx/d/r/drupal-training-plan_-_training-i_15.pdf
2015-02-18T12:55:54+00:00 DEBUG (7): SELECT `quote_file`.* FROM `quote_file` WHERE (quote_id = '50' and `type` = 'payment_file' )
2015-02-18T12:57:26+00:00 DEBUG (7): 50xx/d/r/drupal-training-plan_-_training-i_15.pdf
2015-02-18T12:57:26+00:00 DEBUG (7): SELECT `quote_file`.* FROM `quote_file` WHERE (quote_id = '50' and `type` = 'payment_file' )
2015-02-18T12:57:26+00:00 DEBUG (7): Observer Place Order After Quote ID:50
2015-02-18T12:57:26+00:00 DEBUG (7): SELECT `order_file`.* FROM `order_file` WHERE (order_id = '99' and `type` = 'payment_file' )
2015-02-18T12:57:28+00:00 DEBUG (7): 50xx/d/r/drupal-training-plan_-_training-i_15.pdf
2015-02-18T12:57:28+00:00 DEBUG (7): SELECT `quote_file`.* FROM `quote_file` WHERE (quote_id = '50' and `type` = 'payment_file' )
2015-02-18T13:02:00+00:00 DEBUG (7): Array
(
    [file] => Array
        (
            [name] => Drupal-Training-Plan - Training-I.PDF
            [type] => application/octet-stream
            [tmp_name] => C:\wamp\tmp\php5442.tmp
            [error] => 0
            [size] => 235964
        )

)

2015-02-18T13:02:12+00:00 DEBUG (7): 51xx/d/r/drupal-training-plan_-_training-i_16.pdf
2015-02-18T13:02:12+00:00 DEBUG (7): SELECT `quote_file`.* FROM `quote_file` WHERE (quote_id = '51' and `type` = 'payment_file' )
2015-02-18T13:02:31+00:00 DEBUG (7): 51xx/d/r/drupal-training-plan_-_training-i_16.pdf
2015-02-18T13:02:31+00:00 DEBUG (7): SELECT `quote_file`.* FROM `quote_file` WHERE (quote_id = '51' and `type` = 'payment_file' )
2015-02-18T13:02:32+00:00 DEBUG (7): Observer Place Order After Quote ID:51
2015-02-18T13:02:32+00:00 DEBUG (7): SELECT `order_file`.* FROM `order_file` WHERE (order_id = '100' and `type` = 'payment_file' )
2015-02-18T13:02:34+00:00 DEBUG (7): 51xx/d/r/drupal-training-plan_-_training-i_16.pdf
2015-02-18T13:02:34+00:00 DEBUG (7): SELECT `quote_file`.* FROM `quote_file` WHERE (quote_id = '51' and `type` = 'payment_file' )
2015-02-18T13:08:19+00:00 DEBUG (7): Array
(
    [file] => Array
        (
            [name] => Drupal-Training-Plan - Training-II.PDF
            [type] => application/octet-stream
            [tmp_name] => C:\wamp\tmp\php2086.tmp
            [error] => 0
            [size] => 157898
        )

)

2015-02-18T13:08:28+00:00 DEBUG (7): 52xx/d/r/drupal-training-plan_-_training-ii_3.pdf
2015-02-18T13:08:28+00:00 DEBUG (7): SELECT `quote_file`.* FROM `quote_file` WHERE (quote_id = '52' and `type` = 'payment_file' )
2015-02-18T13:08:46+00:00 DEBUG (7): 52xx/d/r/drupal-training-plan_-_training-ii_3.pdf
2015-02-18T13:08:46+00:00 DEBUG (7): SELECT `quote_file`.* FROM `quote_file` WHERE (quote_id = '52' and `type` = 'payment_file' )
2015-02-18T13:13:51+00:00 DEBUG (7): 52xx/d/r/drupal-training-plan_-_training-ii_3.pdf
2015-02-18T13:13:51+00:00 DEBUG (7): SELECT `quote_file`.* FROM `quote_file` WHERE (quote_id = '52' and `type` = 'payment_file' )
2015-02-18T13:14:11+00:00 DEBUG (7): Observer Place Order After Quote ID:52
2015-02-18T13:14:11+00:00 DEBUG (7): SELECT `order_file`.* FROM `order_file` WHERE (order_id = '102' and `type` = 'payment_file' )
2015-02-18T13:14:13+00:00 DEBUG (7): 52xx/d/r/drupal-training-plan_-_training-ii_3.pdf
2015-02-18T13:14:13+00:00 DEBUG (7): SELECT `quote_file`.* FROM `quote_file` WHERE (quote_id = '52' and `type` = 'payment_file' )
2015-02-18T13:20:31+00:00 DEBUG (7): Array
(
    [file] => Array
        (
            [name] => Drupal-Training-Plan - Training-II.PDF
            [type] => application/octet-stream
            [tmp_name] => C:\wamp\tmp\php48B0.tmp
            [error] => 0
            [size] => 157898
        )

)

2015-02-18T13:20:39+00:00 DEBUG (7): 53xx/d/r/drupal-training-plan_-_training-ii_4.pdf
2015-02-18T13:20:39+00:00 DEBUG (7): SELECT `quote_file`.* FROM `quote_file` WHERE (quote_id = '53' and `type` = 'payment_file' )
2015-02-18T13:20:56+00:00 DEBUG (7): 53xx/d/r/drupal-training-plan_-_training-ii_4.pdf
2015-02-18T13:20:56+00:00 DEBUG (7): SELECT `quote_file`.* FROM `quote_file` WHERE (quote_id = '53' and `type` = 'payment_file' )
2015-02-18T13:29:08+00:00 DEBUG (7): Array
(
    [file] => Array
        (
            [name] => Drupal-Training-Plan - Training-I.PDF
            [type] => application/octet-stream
            [tmp_name] => C:\wamp\tmp\php2682.tmp
            [error] => 0
            [size] => 235964
        )

)

2015-02-18T13:29:18+00:00 DEBUG (7): 53xx/d/r/drupal-training-plan_-_training-i_17.pdf
2015-02-18T13:29:18+00:00 DEBUG (7): SELECT `quote_file`.* FROM `quote_file` WHERE (quote_id = '53' and `type` = 'payment_file' )
2015-02-18T13:29:39+00:00 DEBUG (7): 53xx/d/r/drupal-training-plan_-_training-i_17.pdf
2015-02-18T13:29:39+00:00 DEBUG (7): SELECT `quote_file`.* FROM `quote_file` WHERE (quote_id = '53' and `type` = 'payment_file' )
2015-02-18T13:29:57+00:00 DEBUG (7): 53xx/d/r/drupal-training-plan_-_training-i_17.pdf
2015-02-18T13:29:57+00:00 DEBUG (7): SELECT `quote_file`.* FROM `quote_file` WHERE (quote_id = '53' and `type` = 'payment_file' )
2015-02-18T13:30:49+00:00 DEBUG (7): 53xx/d/r/drupal-training-plan_-_training-i_17.pdf
2015-02-18T13:30:49+00:00 DEBUG (7): SELECT `quote_file`.* FROM `quote_file` WHERE (quote_id = '53' and `type` = 'payment_file' )
2015-02-18T13:31:04+00:00 DEBUG (7): 53xx/d/r/drupal-training-plan_-_training-i_17.pdf
2015-02-18T13:31:04+00:00 DEBUG (7): SELECT `quote_file`.* FROM `quote_file` WHERE (quote_id = '53' and `type` = 'payment_file' )
2015-02-18T13:31:08+00:00 DEBUG (7): Observer Place Order After Quote ID:53
2015-02-18T13:31:08+00:00 DEBUG (7): SELECT `order_file`.* FROM `order_file` WHERE (order_id = '104' and `type` = 'payment_file' )
2015-02-18T13:31:10+00:00 DEBUG (7): 53xx/d/r/drupal-training-plan_-_training-i_17.pdf
2015-02-18T13:31:10+00:00 DEBUG (7): SELECT `quote_file`.* FROM `quote_file` WHERE (quote_id = '53' and `type` = 'payment_file' )
2015-02-18T13:39:35+00:00 DEBUG (7): Array
(
    [file] => Array
        (
            [name] => Drupal-Training-Plan - Training-I.PDF
            [type] => application/octet-stream
            [tmp_name] => C:\wamp\tmp\phpBDD2.tmp
            [error] => 0
            [size] => 235964
        )

)

2015-02-18T13:39:44+00:00 DEBUG (7): 54xx/d/r/drupal-training-plan_-_training-i_18.pdf
2015-02-18T13:39:44+00:00 DEBUG (7): SELECT `quote_file`.* FROM `quote_file` WHERE (quote_id = '54' and `type` = 'payment_file' )
2015-02-18T13:39:57+00:00 DEBUG (7): 54xx/d/r/drupal-training-plan_-_training-i_18.pdf
2015-02-18T13:39:57+00:00 DEBUG (7): SELECT `quote_file`.* FROM `quote_file` WHERE (quote_id = '54' and `type` = 'payment_file' )
2015-02-18T13:40:11+00:00 DEBUG (7): Observer Place Order After Quote ID:54
2015-02-18T13:40:11+00:00 DEBUG (7): SELECT `order_file`.* FROM `order_file` WHERE (order_id = '105' and `type` = 'payment_file' )
2015-02-18T13:40:13+00:00 DEBUG (7): 54xx/d/r/drupal-training-plan_-_training-i_18.pdf
2015-02-18T13:40:13+00:00 DEBUG (7): SELECT `quote_file`.* FROM `quote_file` WHERE (quote_id = '54' and `type` = 'payment_file' )
2015-02-18T13:45:30+00:00 DEBUG (7): Array
(
    [file] => Array
        (
            [name] => Drupal-Training-Plan - Training-II.PDF
            [type] => application/octet-stream
            [tmp_name] => C:\wamp\tmp\php2A6A.tmp
            [error] => 0
            [size] => 157898
        )

)

2015-02-18T13:45:39+00:00 DEBUG (7): 55xx/d/r/drupal-training-plan_-_training-ii_5.pdf
2015-02-18T13:45:39+00:00 DEBUG (7): SELECT `quote_file`.* FROM `quote_file` WHERE (quote_id = '55' and `type` = 'payment_file' )
2015-02-18T13:45:57+00:00 DEBUG (7): 55xx/d/r/drupal-training-plan_-_training-ii_5.pdf
2015-02-18T13:45:57+00:00 DEBUG (7): SELECT `quote_file`.* FROM `quote_file` WHERE (quote_id = '55' and `type` = 'payment_file' )
2015-02-18T13:46:08+00:00 DEBUG (7): Observer Place Order After Quote ID:55
2015-02-18T13:46:08+00:00 DEBUG (7): SELECT `order_file`.* FROM `order_file` WHERE (order_id = '106' and `type` = 'payment_file' )
2015-02-18T13:46:10+00:00 DEBUG (7): 55xx/d/r/drupal-training-plan_-_training-ii_5.pdf
2015-02-18T13:46:10+00:00 DEBUG (7): SELECT `quote_file`.* FROM `quote_file` WHERE (quote_id = '55' and `type` = 'payment_file' )
2015-02-18T13:54:12+00:00 DEBUG (7): Array
(
    [file] => Array
        (
            [name] => Drupal-Training-Plan - Training-II.PDF
            [type] => application/octet-stream
            [tmp_name] => C:\wamp\tmp\php1EC8.tmp
            [error] => 0
            [size] => 157898
        )

)

2015-02-18T13:55:21+00:00 DEBUG (7): 56xx/d/r/drupal-training-plan_-_training-ii_6.pdf
2015-02-18T13:55:21+00:00 DEBUG (7): SELECT `quote_file`.* FROM `quote_file` WHERE (quote_id = '56' and `type` = 'payment_file' )
2015-02-18T13:55:37+00:00 DEBUG (7): 56xx/d/r/drupal-training-plan_-_training-ii_6.pdf
2015-02-18T13:55:37+00:00 DEBUG (7): SELECT `quote_file`.* FROM `quote_file` WHERE (quote_id = '56' and `type` = 'payment_file' )
2015-02-18T13:55:57+00:00 DEBUG (7): 56xx/d/r/drupal-training-plan_-_training-ii_6.pdf
2015-02-18T13:55:57+00:00 DEBUG (7): SELECT `quote_file`.* FROM `quote_file` WHERE (quote_id = '56' and `type` = 'payment_file' )
2015-02-18T14:21:25+00:00 DEBUG (7): 56xx/d/r/drupal-training-plan_-_training-ii_6.pdf
2015-02-18T14:21:25+00:00 DEBUG (7): SELECT `quote_file`.* FROM `quote_file` WHERE (quote_id = '56' and `type` = 'payment_file' )
2015-02-18T14:21:44+00:00 DEBUG (7): 56xx/d/r/drupal-training-plan_-_training-ii_6.pdf
2015-02-18T14:21:44+00:00 DEBUG (7): SELECT `quote_file`.* FROM `quote_file` WHERE (quote_id = '56' and `type` = 'payment_file' )
2015-02-18T14:24:46+00:00 DEBUG (7): 56xx/d/r/drupal-training-plan_-_training-ii_6.pdf
2015-02-18T14:24:46+00:00 DEBUG (7): SELECT `quote_file`.* FROM `quote_file` WHERE (quote_id = '56' and `type` = 'payment_file' )
2015-02-18T14:25:01+00:00 DEBUG (7): 56xx/d/r/drupal-training-plan_-_training-ii_6.pdf
2015-02-18T14:25:01+00:00 DEBUG (7): SELECT `quote_file`.* FROM `quote_file` WHERE (quote_id = '56' and `type` = 'payment_file' )
2015-02-18T14:26:43+00:00 DEBUG (7): 56xx/d/r/drupal-training-plan_-_training-ii_6.pdf
2015-02-18T14:26:43+00:00 DEBUG (7): SELECT `quote_file`.* FROM `quote_file` WHERE (quote_id = '56' and `type` = 'payment_file' )
2015-02-18T14:26:55+00:00 DEBUG (7): 56xx/d/r/drupal-training-plan_-_training-ii_6.pdf
2015-02-18T14:26:55+00:00 DEBUG (7): SELECT `quote_file`.* FROM `quote_file` WHERE (quote_id = '56' and `type` = 'payment_file' )
2015-02-18T14:27:12+00:00 DEBUG (7): 56xx/d/r/drupal-training-plan_-_training-ii_6.pdf
2015-02-18T14:27:12+00:00 DEBUG (7): SELECT `quote_file`.* FROM `quote_file` WHERE (quote_id = '56' and `type` = 'payment_file' )
2015-02-18T14:28:03+00:00 DEBUG (7): 56xx/d/r/drupal-training-plan_-_training-ii_6.pdf
2015-02-18T14:28:03+00:00 DEBUG (7): SELECT `quote_file`.* FROM `quote_file` WHERE (quote_id = '56' and `type` = 'payment_file' )
2015-02-18T14:28:12+00:00 DEBUG (7): Observer Place Order After Quote ID:56
2015-02-18T14:28:12+00:00 DEBUG (7): SELECT `order_file`.* FROM `order_file` WHERE (order_id = '113' and `type` = 'payment_file' )
2015-02-18T14:28:14+00:00 DEBUG (7): 56xx/d/r/drupal-training-plan_-_training-ii_6.pdf
2015-02-18T14:28:14+00:00 DEBUG (7): SELECT `quote_file`.* FROM `quote_file` WHERE (quote_id = '56' and `type` = 'payment_file' )
2015-02-18T14:32:29+00:00 DEBUG (7): Array
(
    [file] => Array
        (
            [name] => Drupal-Training-Plan - Training-II.PDF
            [type] => application/octet-stream
            [tmp_name] => C:\wamp\tmp\php2C8F.tmp
            [error] => 0
            [size] => 157898
        )

)

2015-02-18T14:32:39+00:00 DEBUG (7): 57xx/d/r/drupal-training-plan_-_training-ii_7.pdf
2015-02-18T14:32:39+00:00 DEBUG (7): SELECT `quote_file`.* FROM `quote_file` WHERE (quote_id = '57' and `type` = 'payment_file' )
2015-02-18T14:32:57+00:00 DEBUG (7): 57xx/d/r/drupal-training-plan_-_training-ii_7.pdf
2015-02-18T14:32:57+00:00 DEBUG (7): SELECT `quote_file`.* FROM `quote_file` WHERE (quote_id = '57' and `type` = 'payment_file' )
2015-02-18T14:33:06+00:00 DEBUG (7): Observer Place Order After Quote ID:57
2015-02-18T14:33:06+00:00 DEBUG (7): SELECT `order_file`.* FROM `order_file` WHERE (order_id = '114' and `type` = 'payment_file' )
2015-02-18T14:33:08+00:00 DEBUG (7): 57xx/d/r/drupal-training-plan_-_training-ii_7.pdf
2015-02-18T14:33:08+00:00 DEBUG (7): SELECT `quote_file`.* FROM `quote_file` WHERE (quote_id = '57' and `type` = 'payment_file' )
2015-02-18T14:38:28+00:00 DEBUG (7): Array
(
    [file] => Array
        (
            [name] => Drupal-Training-Plan - Training-II.PDF
            [type] => application/octet-stream
            [tmp_name] => C:\wamp\tmp\phpA3C2.tmp
            [error] => 0
            [size] => 157898
        )

)

2015-02-18T14:38:37+00:00 DEBUG (7): 58xx/d/r/drupal-training-plan_-_training-ii_8.pdf
2015-02-18T14:38:37+00:00 DEBUG (7): SELECT `quote_file`.* FROM `quote_file` WHERE (quote_id = '58' and `type` = 'payment_file' )
2015-02-18T14:38:53+00:00 DEBUG (7): 58xx/d/r/drupal-training-plan_-_training-ii_8.pdf
2015-02-18T14:38:53+00:00 DEBUG (7): SELECT `quote_file`.* FROM `quote_file` WHERE (quote_id = '58' and `type` = 'payment_file' )
2015-02-18T14:49:13+00:00 DEBUG (7): 58xx/d/r/drupal-training-plan_-_training-ii_8.pdf
2015-02-18T14:49:13+00:00 DEBUG (7): SELECT `quote_file`.* FROM `quote_file` WHERE (quote_id = '58' and `type` = 'payment_file' )
2015-02-18T14:49:33+00:00 DEBUG (7): 58xx/d/r/drupal-training-plan_-_training-ii_8.pdf
2015-02-18T14:49:33+00:00 DEBUG (7): SELECT `quote_file`.* FROM `quote_file` WHERE (quote_id = '58' and `type` = 'payment_file' )
2015-02-18T14:49:35+00:00 DEBUG (7): Observer Place Order After Quote ID:58
2015-02-18T14:49:35+00:00 DEBUG (7): SELECT `order_file`.* FROM `order_file` WHERE (order_id = '116' and `type` = 'payment_file' )
2015-02-18T14:49:36+00:00 DEBUG (7): 58xx/d/r/drupal-training-plan_-_training-ii_8.pdf
2015-02-18T14:49:36+00:00 DEBUG (7): SELECT `quote_file`.* FROM `quote_file` WHERE (quote_id = '58' and `type` = 'payment_file' )
2015-02-18T14:58:32+00:00 DEBUG (7): Array
(
    [file] => Array
        (
            [name] => Drupal-Training-Plan - Training-II.PDF
            [type] => application/octet-stream
            [tmp_name] => C:\wamp\tmp\php238.tmp
            [error] => 0
            [size] => 157898
        )

)

2015-02-18T14:58:38+00:00 DEBUG (7): 59xx/d/r/drupal-training-plan_-_training-ii_9.pdf
2015-02-18T14:58:38+00:00 DEBUG (7): SELECT `quote_file`.* FROM `quote_file` WHERE (quote_id = '59' and `type` = 'payment_file' )
2015-02-18T14:58:57+00:00 DEBUG (7): 59xx/d/r/drupal-training-plan_-_training-ii_9.pdf
2015-02-18T14:58:57+00:00 DEBUG (7): SELECT `quote_file`.* FROM `quote_file` WHERE (quote_id = '59' and `type` = 'payment_file' )
2015-02-18T14:58:58+00:00 DEBUG (7): Observer Place Order After Quote ID:59
2015-02-18T14:58:58+00:00 DEBUG (7): SELECT `order_file`.* FROM `order_file` WHERE (order_id = '117' and `type` = 'payment_file' )
2015-02-18T14:59:00+00:00 DEBUG (7): 59xx/d/r/drupal-training-plan_-_training-ii_9.pdf
2015-02-18T14:59:00+00:00 DEBUG (7): SELECT `quote_file`.* FROM `quote_file` WHERE (quote_id = '59' and `type` = 'payment_file' )
2015-02-18T15:05:39+00:00 DEBUG (7): Array
(
    [file] => Array
        (
            [name] => Drupal-Training-Plan - Training-II.PDF
            [type] => application/octet-stream
            [tmp_name] => C:\wamp\tmp\php84DF.tmp
            [error] => 0
            [size] => 157898
        )

)

2015-02-18T15:05:50+00:00 DEBUG (7): 60xx/d/r/drupal-training-plan_-_training-ii_10.pdf
2015-02-18T15:05:50+00:00 DEBUG (7): SELECT `quote_file`.* FROM `quote_file` WHERE (quote_id = '60' and `type` = 'payment_file' )
2015-02-18T15:06:03+00:00 DEBUG (7): 60xx/d/r/drupal-training-plan_-_training-ii_10.pdf
2015-02-18T15:06:03+00:00 DEBUG (7): SELECT `quote_file`.* FROM `quote_file` WHERE (quote_id = '60' and `type` = 'payment_file' )
2015-02-18T15:06:18+00:00 DEBUG (7): 60xx/d/r/drupal-training-plan_-_training-ii_10.pdf
2015-02-18T15:06:18+00:00 DEBUG (7): SELECT `quote_file`.* FROM `quote_file` WHERE (quote_id = '60' and `type` = 'payment_file' )
2015-02-18T15:06:31+00:00 DEBUG (7): 60xx/d/r/drupal-training-plan_-_training-ii_10.pdf
2015-02-18T15:06:31+00:00 DEBUG (7): SELECT `quote_file`.* FROM `quote_file` WHERE (quote_id = '60' and `type` = 'payment_file' )
2015-02-18T15:09:12+00:00 DEBUG (7): 60xx/d/r/drupal-training-plan_-_training-ii_10.pdf
2015-02-18T15:09:12+00:00 DEBUG (7): SELECT `quote_file`.* FROM `quote_file` WHERE (quote_id = '60' and `type` = 'payment_file' )
2015-02-18T15:09:14+00:00 DEBUG (7): Observer Place Order After Quote ID:60
2015-02-18T15:09:14+00:00 DEBUG (7): SELECT `order_file`.* FROM `order_file` WHERE (order_id = '121' and `type` = 'payment_file' )
2015-02-18T15:09:16+00:00 DEBUG (7): 60xx/d/r/drupal-training-plan_-_training-ii_10.pdf
2015-02-18T15:09:16+00:00 DEBUG (7): SELECT `quote_file`.* FROM `quote_file` WHERE (quote_id = '60' and `type` = 'payment_file' )
2015-02-18T15:41:24+00:00 DEBUG (7): Array
(
    [file] => Array
        (
            [name] => Drupal-Training-Plan - Training-II.PDF
            [type] => application/octet-stream
            [tmp_name] => C:\wamp\tmp\php40DF.tmp
            [error] => 0
            [size] => 157898
        )

)

2015-02-18T15:41:33+00:00 DEBUG (7): 61xx/d/r/drupal-training-plan_-_training-ii_11.pdf
2015-02-18T15:41:33+00:00 DEBUG (7): SELECT `quote_file`.* FROM `quote_file` WHERE (quote_id = '61' and `type` = 'payment_file' )
2015-02-18T15:41:46+00:00 DEBUG (7): 61xx/d/r/drupal-training-plan_-_training-ii_11.pdf
2015-02-18T15:41:46+00:00 DEBUG (7): SELECT `quote_file`.* FROM `quote_file` WHERE (quote_id = '61' and `type` = 'payment_file' )
2015-02-18T15:42:22+00:00 DEBUG (7): 61xx/d/r/drupal-training-plan_-_training-ii_11.pdf
2015-02-18T15:42:22+00:00 DEBUG (7): SELECT `quote_file`.* FROM `quote_file` WHERE (quote_id = '61' and `type` = 'payment_file' )
2015-02-18T15:44:26+00:00 DEBUG (7): 61xx/d/r/drupal-training-plan_-_training-ii_11.pdf
2015-02-18T15:44:26+00:00 DEBUG (7): SELECT `quote_file`.* FROM `quote_file` WHERE (quote_id = '61' and `type` = 'payment_file' )
2015-02-18T15:44:42+00:00 DEBUG (7): 61xx/d/r/drupal-training-plan_-_training-ii_11.pdf
2015-02-18T15:44:42+00:00 DEBUG (7): SELECT `quote_file`.* FROM `quote_file` WHERE (quote_id = '61' and `type` = 'payment_file' )
2015-02-18T15:44:58+00:00 DEBUG (7): Observer Place Order After Quote ID:61
2015-02-18T15:44:58+00:00 DEBUG (7): SELECT `order_file`.* FROM `order_file` WHERE (order_id = '124' and `type` = 'payment_file' )
2015-02-18T15:45:00+00:00 DEBUG (7): 61xx/d/r/drupal-training-plan_-_training-ii_11.pdf
2015-02-18T15:45:00+00:00 DEBUG (7): SELECT `quote_file`.* FROM `quote_file` WHERE (quote_id = '61' and `type` = 'payment_file' )
2015-02-18T15:51:33+00:00 DEBUG (7): Array
(
    [file] => Array
        (
            [name] => Drupal-Training-Plan - Training-II.PDF
            [type] => application/octet-stream
            [tmp_name] => C:\wamp\tmp\php8DD7.tmp
            [error] => 0
            [size] => 157898
        )

)

2015-02-18T15:51:42+00:00 DEBUG (7): 62xx/d/r/drupal-training-plan_-_training-ii_12.pdf
2015-02-18T15:51:42+00:00 DEBUG (7): SELECT `quote_file`.* FROM `quote_file` WHERE (quote_id = '62' and `type` = 'payment_file' )
2015-02-18T15:51:58+00:00 DEBUG (7): 62xx/d/r/drupal-training-plan_-_training-ii_12.pdf
2015-02-18T15:51:58+00:00 DEBUG (7): SELECT `quote_file`.* FROM `quote_file` WHERE (quote_id = '62' and `type` = 'payment_file' )
2015-02-18T15:54:19+00:00 DEBUG (7): 62xx/d/r/drupal-training-plan_-_training-ii_12.pdf
2015-02-18T15:54:19+00:00 DEBUG (7): SELECT `quote_file`.* FROM `quote_file` WHERE (quote_id = '62' and `type` = 'payment_file' )
2015-02-18T15:54:45+00:00 DEBUG (7): Observer Place Order After Quote ID:62
2015-02-18T15:54:45+00:00 DEBUG (7): SELECT `order_file`.* FROM `order_file` WHERE (order_id = '126' and `type` = 'payment_file' )
2015-02-18T15:54:46+00:00 DEBUG (7): 62xx/d/r/drupal-training-plan_-_training-ii_12.pdf
2015-02-18T15:54:46+00:00 DEBUG (7): SELECT `quote_file`.* FROM `quote_file` WHERE (quote_id = '62' and `type` = 'payment_file' )
2015-02-18T15:58:28+00:00 DEBUG (7): Array
(
    [file] => Array
        (
            [name] => Drupal-Training-Plan - Training-II.PDF
            [type] => application/octet-stream
            [tmp_name] => C:\wamp\tmp\phpDFFD.tmp
            [error] => 0
            [size] => 157898
        )

)

2015-02-18T15:58:36+00:00 DEBUG (7): 63xx/d/r/drupal-training-plan_-_training-ii_13.pdf
2015-02-18T15:58:36+00:00 DEBUG (7): SELECT `quote_file`.* FROM `quote_file` WHERE (quote_id = '63' and `type` = 'payment_file' )
2015-02-18T15:58:48+00:00 DEBUG (7): 63xx/d/r/drupal-training-plan_-_training-ii_13.pdf
2015-02-18T15:58:48+00:00 DEBUG (7): SELECT `quote_file`.* FROM `quote_file` WHERE (quote_id = '63' and `type` = 'payment_file' )
2015-02-18T15:59:16+00:00 DEBUG (7): Observer Place Order After Quote ID:63
2015-02-18T15:59:16+00:00 DEBUG (7): SELECT `order_file`.* FROM `order_file` WHERE (order_id = '127' and `type` = 'payment_file' )
2015-02-18T15:59:18+00:00 DEBUG (7): 63xx/d/r/drupal-training-plan_-_training-ii_13.pdf
2015-02-18T15:59:18+00:00 DEBUG (7): SELECT `quote_file`.* FROM `quote_file` WHERE (quote_id = '63' and `type` = 'payment_file' )
2015-02-18T16:06:23+00:00 DEBUG (7): Array
(
    [file] => Array
        (
            [name] => Drupal-Training-Plan - Training-I.PDF
            [type] => application/octet-stream
            [tmp_name] => C:\wamp\tmp\php1B3A.tmp
            [error] => 0
            [size] => 235964
        )

)

2015-02-18T16:06:30+00:00 DEBUG (7): 64xx/d/r/drupal-training-plan_-_training-i_19.pdf
2015-02-18T16:06:30+00:00 DEBUG (7): SELECT `quote_file`.* FROM `quote_file` WHERE (quote_id = '64' and `type` = 'payment_file' )
2015-02-18T16:06:43+00:00 DEBUG (7): 64xx/d/r/drupal-training-plan_-_training-i_19.pdf
2015-02-18T16:06:43+00:00 DEBUG (7): SELECT `quote_file`.* FROM `quote_file` WHERE (quote_id = '64' and `type` = 'payment_file' )
2015-02-18T16:07:04+00:00 DEBUG (7): Observer Place Order After Quote ID:64
2015-02-18T16:07:04+00:00 DEBUG (7): SELECT `order_file`.* FROM `order_file` WHERE (order_id = '128' and `type` = 'payment_file' )
2015-02-18T16:07:06+00:00 DEBUG (7): 64xx/d/r/drupal-training-plan_-_training-i_19.pdf
2015-02-18T16:07:06+00:00 DEBUG (7): SELECT `quote_file`.* FROM `quote_file` WHERE (quote_id = '64' and `type` = 'payment_file' )
2015-02-18T16:13:59+00:00 DEBUG (7): Array
(
    [file] => Array
        (
            [name] => DrupalTrainingPlanForMagentoTeam.docx
            [type] => application/octet-stream
            [tmp_name] => C:\wamp\tmp\php1967.tmp
            [error] => 0
            [size] => 16453
        )

)

2015-02-18T16:14:07+00:00 DEBUG (7): 65xx/d/r/drupaltrainingplanformagentoteam.docx
2015-02-18T16:14:07+00:00 DEBUG (7): SELECT `quote_file`.* FROM `quote_file` WHERE (quote_id = '65' and `type` = 'payment_file' )
2015-02-18T16:14:20+00:00 DEBUG (7): 65xx/d/r/drupaltrainingplanformagentoteam.docx
2015-02-18T16:14:20+00:00 DEBUG (7): SELECT `quote_file`.* FROM `quote_file` WHERE (quote_id = '65' and `type` = 'payment_file' )
2015-02-18T16:14:38+00:00 DEBUG (7): Observer Place Order After Quote ID:65
2015-02-18T16:14:38+00:00 DEBUG (7): SELECT `order_file`.* FROM `order_file` WHERE (order_id = '129' and `type` = 'payment_file' )
2015-02-18T16:14:40+00:00 DEBUG (7): 65xx/d/r/drupaltrainingplanformagentoteam.docx
2015-02-18T16:14:40+00:00 DEBUG (7): SELECT `quote_file`.* FROM `quote_file` WHERE (quote_id = '65' and `type` = 'payment_file' )
2015-02-18T16:17:16+00:00 DEBUG (7): Array
(
    [file] => Array
        (
            [name] => DrupalTrainingPlanForMagentoTeam.docx
            [type] => application/octet-stream
            [tmp_name] => C:\wamp\tmp\php1A42.tmp
            [error] => 0
            [size] => 16453
        )

)

2015-02-18T16:17:24+00:00 DEBUG (7): 66xx/d/r/drupaltrainingplanformagentoteam_1.docx
2015-02-18T16:17:24+00:00 DEBUG (7): SELECT `quote_file`.* FROM `quote_file` WHERE (quote_id = '66' and `type` = 'payment_file' )
2015-02-18T16:17:35+00:00 DEBUG (7): 66xx/d/r/drupaltrainingplanformagentoteam_1.docx
2015-02-18T16:17:35+00:00 DEBUG (7): SELECT `quote_file`.* FROM `quote_file` WHERE (quote_id = '66' and `type` = 'payment_file' )
2015-02-18T16:23:03+00:00 DEBUG (7): 66xx/d/r/drupaltrainingplanformagentoteam_1.docx
2015-02-18T16:23:03+00:00 DEBUG (7): SELECT `quote_file`.* FROM `quote_file` WHERE (quote_id = '66' and `type` = 'payment_file' )
2015-02-18T16:25:08+00:00 DEBUG (7): 66xx/d/r/drupaltrainingplanformagentoteam_1.docx
2015-02-18T16:25:08+00:00 DEBUG (7): SELECT `quote_file`.* FROM `quote_file` WHERE (quote_id = '66' and `type` = 'payment_file' )
2015-02-18T16:25:18+00:00 DEBUG (7): 66xx/d/r/drupaltrainingplanformagentoteam_1.docx
2015-02-18T16:25:18+00:00 DEBUG (7): SELECT `quote_file`.* FROM `quote_file` WHERE (quote_id = '66' and `type` = 'payment_file' )
2015-02-18T16:25:33+00:00 DEBUG (7): Observer Place Order After Quote ID:66
2015-02-18T16:25:33+00:00 DEBUG (7): SELECT `order_file`.* FROM `order_file` WHERE (order_id = '132' and `type` = 'payment_file' )
2015-02-18T16:25:35+00:00 DEBUG (7): 66xx/d/r/drupaltrainingplanformagentoteam_1.docx
2015-02-18T16:25:35+00:00 DEBUG (7): SELECT `quote_file`.* FROM `quote_file` WHERE (quote_id = '66' and `type` = 'payment_file' )
2015-02-19T06:54:38+00:00 DEBUG (7): Array
(
    [file] => Array
        (
            [name] => Drupal-Training-Plan - Training-I.PDF
            [type] => application/octet-stream
            [tmp_name] => C:\wamp\tmp\php5E5B.tmp
            [error] => 0
            [size] => 235964
        )

)

2015-02-19T06:54:45+00:00 DEBUG (7): 67xx/d/r/drupal-training-plan_-_training-i_20.pdf
2015-02-19T06:54:45+00:00 DEBUG (7): SELECT `quote_file`.* FROM `quote_file` WHERE (quote_id = '67' and `type` = 'payment_file' )
2015-02-19T06:54:54+00:00 DEBUG (7): 67xx/d/r/drupal-training-plan_-_training-i_20.pdf
2015-02-19T06:54:54+00:00 DEBUG (7): SELECT `quote_file`.* FROM `quote_file` WHERE (quote_id = '67' and `type` = 'payment_file' )
2015-02-19T06:55:20+00:00 DEBUG (7): Observer Place Order After Quote ID:67
2015-02-19T06:55:20+00:00 DEBUG (7): SELECT `order_file`.* FROM `order_file` WHERE (order_id = '133' and `type` = 'payment_file' )
2015-02-19T06:55:22+00:00 DEBUG (7): 67xx/d/r/drupal-training-plan_-_training-i_20.pdf
2015-02-19T06:55:22+00:00 DEBUG (7): SELECT `quote_file`.* FROM `quote_file` WHERE (quote_id = '67' and `type` = 'payment_file' )
2015-02-19T07:01:20+00:00 DEBUG (7): Array
(
    [file] => Array
        (
            [name] => Drupal-Training-Plan - Training-II.PDF
            [type] => application/octet-stream
            [tmp_name] => C:\wamp\tmp\php7C48.tmp
            [error] => 0
            [size] => 157898
        )

)

2015-02-19T07:01:26+00:00 DEBUG (7): 68xx/d/r/drupal-training-plan_-_training-ii_14.pdf
2015-02-19T07:01:26+00:00 DEBUG (7): SELECT `quote_file`.* FROM `quote_file` WHERE (quote_id = '68' and `type` = 'payment_file' )
2015-02-19T07:01:35+00:00 DEBUG (7): 68xx/d/r/drupal-training-plan_-_training-ii_14.pdf
2015-02-19T07:01:35+00:00 DEBUG (7): SELECT `quote_file`.* FROM `quote_file` WHERE (quote_id = '68' and `type` = 'payment_file' )
2015-02-19T07:01:55+00:00 DEBUG (7): Observer Place Order After Quote ID:68
2015-02-19T07:01:55+00:00 DEBUG (7): SELECT `order_file`.* FROM `order_file` WHERE (order_id = '134' and `type` = 'payment_file' )
2015-02-19T07:01:56+00:00 DEBUG (7): 68xx/d/r/drupal-training-plan_-_training-ii_14.pdf
2015-02-19T07:01:56+00:00 DEBUG (7): SELECT `quote_file`.* FROM `quote_file` WHERE (quote_id = '68' and `type` = 'payment_file' )
2015-02-19T07:05:27+00:00 DEBUG (7): Array
(
    [file] => Array
        (
            [name] => Drupal-Training-Plan - Training-I.PDF
            [type] => application/octet-stream
            [tmp_name] => C:\wamp\tmp\php4513.tmp
            [error] => 0
            [size] => 235964
        )

)

2015-02-19T07:05:35+00:00 DEBUG (7): 69xx/d/r/drupal-training-plan_-_training-i_21.pdf
2015-02-19T07:05:35+00:00 DEBUG (7): SELECT `quote_file`.* FROM `quote_file` WHERE (quote_id = '69' and `type` = 'payment_file' )
2015-02-19T07:05:52+00:00 DEBUG (7): 69xx/d/r/drupal-training-plan_-_training-i_21.pdf
2015-02-19T07:05:52+00:00 DEBUG (7): SELECT `quote_file`.* FROM `quote_file` WHERE (quote_id = '69' and `type` = 'payment_file' )
2015-02-19T07:06:17+00:00 DEBUG (7): Observer Place Order After Quote ID:69
2015-02-19T07:06:17+00:00 DEBUG (7): SELECT `order_file`.* FROM `order_file` WHERE (order_id = '135' and `type` = 'payment_file' )
2015-02-19T07:06:18+00:00 DEBUG (7): 69xx/d/r/drupal-training-plan_-_training-i_21.pdf
2015-02-19T07:06:18+00:00 DEBUG (7): SELECT `quote_file`.* FROM `quote_file` WHERE (quote_id = '69' and `type` = 'payment_file' )
2015-02-19T09:06:53+00:00 DEBUG (7): Array
(
    [file] => Array
        (
            [name] => Drupal-Training-Plan - Training-I.PDF
            [type] => application/octet-stream
            [tmp_name] => C:\wamp\tmp\php6F45.tmp
            [error] => 0
            [size] => 235964
        )

)

2015-02-19T09:06:59+00:00 DEBUG (7): 70xx/d/r/drupal-training-plan_-_training-i_22.pdf
2015-02-19T09:06:59+00:00 DEBUG (7): SELECT `quote_file`.* FROM `quote_file` WHERE (quote_id = '70' and `type` = 'payment_file' )
2015-02-19T09:07:22+00:00 DEBUG (7): 70xx/d/r/drupal-training-plan_-_training-i_22.pdf
2015-02-19T09:07:22+00:00 DEBUG (7): SELECT `quote_file`.* FROM `quote_file` WHERE (quote_id = '70' and `type` = 'payment_file' )
2015-02-19T09:07:46+00:00 DEBUG (7): Observer Place Order After Quote ID:70
2015-02-19T09:07:46+00:00 DEBUG (7): SELECT `order_file`.* FROM `order_file` WHERE (order_id = '136' and `type` = 'payment_file' )
2015-02-19T09:07:47+00:00 DEBUG (7): 70xx/d/r/drupal-training-plan_-_training-i_22.pdf
2015-02-19T09:07:47+00:00 DEBUG (7): SELECT `quote_file`.* FROM `quote_file` WHERE (quote_id = '70' and `type` = 'payment_file' )
2015-02-19T09:12:20+00:00 DEBUG (7): Array
(
    [file] => Array
        (
            [name] => Drupal-Training-Plan - Training-II.PDF
            [type] => application/octet-stream
            [tmp_name] => C:\wamp\tmp\php6E0E.tmp
            [error] => 0
            [size] => 157898
        )

)

2015-02-19T09:12:26+00:00 DEBUG (7): 71xx/d/r/drupal-training-plan_-_training-ii_15.pdf
2015-02-19T09:12:26+00:00 DEBUG (7): SELECT `quote_file`.* FROM `quote_file` WHERE (quote_id = '71' and `type` = 'payment_file' )
2015-02-19T09:12:37+00:00 DEBUG (7): 71xx/d/r/drupal-training-plan_-_training-ii_15.pdf
2015-02-19T09:12:37+00:00 DEBUG (7): SELECT `quote_file`.* FROM `quote_file` WHERE (quote_id = '71' and `type` = 'payment_file' )
2015-02-19T09:12:47+00:00 DEBUG (7): Observer Place Order After Quote ID:71
2015-02-19T09:12:47+00:00 DEBUG (7): SELECT `order_file`.* FROM `order_file` WHERE (order_id = '137' and `type` = 'payment_file' )
2015-02-19T09:12:48+00:00 DEBUG (7): 71xx/d/r/drupal-training-plan_-_training-ii_15.pdf
2015-02-19T09:12:48+00:00 DEBUG (7): SELECT `quote_file`.* FROM `quote_file` WHERE (quote_id = '71' and `type` = 'payment_file' )
2015-02-24T11:16:16+00:00 DEBUG (7): Array
(
    [file] => Array
        (
            [name] => Drupal-Training-Plan - Training-I.PDF
            [type] => application/octet-stream
            [tmp_name] => C:\wamp\tmp\phpAF3B.tmp
            [error] => 0
            [size] => 235964
        )

)

2015-02-24T11:16:23+00:00 DEBUG (7): 72xx/d/r/drupal-training-plan_-_training-i_23.pdf
2015-02-24T11:16:23+00:00 DEBUG (7): SELECT `quote_file`.* FROM `quote_file` WHERE (quote_id = '72' and `type` = 'payment_file' )
2015-02-24T11:16:46+00:00 DEBUG (7): 72xx/d/r/drupal-training-plan_-_training-i_23.pdf
2015-02-24T11:16:46+00:00 DEBUG (7): SELECT `quote_file`.* FROM `quote_file` WHERE (quote_id = '72' and `type` = 'payment_file' )
2015-02-24T11:17:11+00:00 DEBUG (7): Observer Place Order After Quote ID:72
2015-02-24T11:17:11+00:00 DEBUG (7): SELECT `order_file`.* FROM `order_file` WHERE (order_id = '138' and `type` = 'payment_file' )
2015-02-24T11:17:12+00:00 DEBUG (7): 72xx/d/r/drupal-training-plan_-_training-i_23.pdf
2015-02-24T11:17:12+00:00 DEBUG (7): SELECT `quote_file`.* FROM `quote_file` WHERE (quote_id = '72' and `type` = 'payment_file' )
2015-02-27T09:03:40+00:00 DEBUG (7): Observer Place Order After Quote ID:73
2015-03-02T08:22:03+00:00 DEBUG (7): Observer Place Order After Quote ID:74
2015-03-03T06:13:07+00:00 DEBUG (7): Observer Place Order After Quote ID:75
2015-03-03T06:16:40+00:00 DEBUG (7): Observer Place Order After Quote ID:76
2015-03-03T06:23:09+00:00 DEBUG (7): Observer Place Order After Quote ID:77
2015-03-03T06:28:31+00:00 DEBUG (7): Observer Place Order After Quote ID:78
2015-03-03T07:13:46+00:00 DEBUG (7): Array
(
    [file] => Array
        (
            [name] => Drupal-Training-Plan - Training-I.PDF
            [type] => application/octet-stream
            [tmp_name] => C:\wamp\tmp\php2D84.tmp
            [error] => 0
            [size] => 235964
        )

)

2015-03-03T07:14:04+00:00 DEBUG (7): 79xx/d/r/drupal-training-plan_-_training-i_24.pdf
2015-03-03T07:14:04+00:00 DEBUG (7): SELECT `quote_file`.* FROM `quote_file` WHERE (quote_id = '79' and `type` = 'payment_file' )
2015-03-03T07:14:13+00:00 DEBUG (7): 79xx/d/r/drupal-training-plan_-_training-i_24.pdf
2015-03-03T07:14:13+00:00 DEBUG (7): SELECT `quote_file`.* FROM `quote_file` WHERE (quote_id = '79' and `type` = 'payment_file' )
2015-03-03T07:14:38+00:00 DEBUG (7): Observer Place Order After Quote ID:79
2015-03-03T07:14:38+00:00 DEBUG (7): SELECT `order_file`.* FROM `order_file` WHERE (order_id = '146' and `type` = 'payment_file' )
2015-03-03T07:14:40+00:00 DEBUG (7): 79xx/d/r/drupal-training-plan_-_training-i_24.pdf
2015-03-03T07:14:40+00:00 DEBUG (7): SELECT `quote_file`.* FROM `quote_file` WHERE (quote_id = '79' and `type` = 'payment_file' )
2015-03-03T07:17:51+00:00 DEBUG (7): Observer Place Order After Quote ID:80
2015-03-24T09:22:36+00:00 CRIT (2): Not valid template file:adminhtml\base\default\template\file/payment/form/purchaseorder.phtml
2015-03-24T09:29:53+00:00 CRIT (2): Not valid template file:adminhtml\base\default\template\file/payment/form/purchaseorder.phtml
2015-03-24T11:33:36+00:00 CRIT (2): Not valid template file:adminhtml\base\default\template\file/payment/form/purchaseorder.phtml
2015-04-07T13:02:40+00:00 DEBUG (7): Observer Place Order After Quote ID:81
